<?xml version="1.0" encoding="UTF-8"?>
<!-- Generated by org.testng.reporters.JUnitReportReporter -->
<testsuite hostname="Mds-MacBook-Air.local" failures="0" tests="2" name="testCasePackage.TC_001LoginPage" time="34.152" errors="0" timestamp="2022-08-27T07:35:44 PDT" skipped="0">
  <testcase classname="testCasePackage.TC_001LoginPage" name="Registration" time="21.592"/>
  <system-out/>
  <testcase classname="testCasePackage.TC_001LoginPage" name="login" time="12.560"/>
  <system-out/>
</testsuite> <!-- testCasePackage.TC_001LoginPage -->
