<?xml version="1.0" encoding="UTF-8"?>
<!-- Generated by org.testng.reporters.JUnitReportReporter -->
<testsuite hostname="Mds-MacBook-Air.local" failures="0" tests="1" name="testCasePackage.TC_001LoginPage" time="14.035" errors="0" timestamp="2022-08-25T18:07:42 PDT" skipped="0">
  <testcase classname="testCasePackage.TC_001LoginPage" name="locatorLearing" time="14.035"/>
  <system-out/>
</testsuite> <!-- testCasePackage.TC_001LoginPage -->
