<?xml version="1.0" encoding="UTF-8"?>
<!-- Generated by org.testng.reporters.JUnitReportReporter -->
<testsuite hostname="Mds-MacBook-Air.local" failures="0" tests="1" name="testCasePackage.tc_012clickandHold" time="7.308" errors="0" timestamp="2022-09-06T20:53:17 PDT" skipped="0">
  <testcase classname="testCasePackage.tc_012clickandHold" name="clickandHold" time="7.308"/>
  <system-out/>
</testsuite> <!-- testCasePackage.tc_012clickandHold -->
