<?xml version="1.0" encoding="UTF-8"?>
<!-- Generated by org.testng.reporters.JUnitReportReporter -->
<testsuite hostname="Mds-MacBook-Air.local" failures="0" tests="1" name="testCasePackage.TC_004checkboxRadiobox" time="16.033" errors="0" timestamp="2022-09-04T23:47:56 PDT" skipped="0">
  <testcase classname="testCasePackage.TC_004checkboxRadiobox" name="checkboxRadiobox" time="16.033"/>
  <system-out/>
</testsuite> <!-- testCasePackage.TC_004checkboxRadiobox -->
