<?xml version="1.0" encoding="UTF-8"?>
<!-- Generated by org.testng.reporters.JUnitReportReporter -->
<testsuite hostname="Mds-MacBook-Air.local" failures="0" tests="1" name="testCasePackage.tc_010dragandDrop" time="6.969" errors="0" timestamp="2022-09-06T20:20:31 PDT" skipped="0">
  <testcase classname="testCasePackage.tc_010dragandDrop" name="dragnadDrop" time="6.969"/>
  <system-out/>
</testsuite> <!-- testCasePackage.tc_010dragandDrop -->
