<?xml version="1.0" encoding="UTF-8"?>
<!-- Generated by org.testng.reporters.JUnitReportReporter -->
<testsuite hostname="Mds-MacBook-Air.local" failures="0" tests="1" name="testCasePackage.valuefromDropdown" time="14.608" errors="0" timestamp="2022-09-06T00:14:59 PDT" skipped="0">
  <testcase classname="testCasePackage.valuefromDropdown" name="selectfromDropdown" time="14.608"/>
  <system-out/>
</testsuite> <!-- testCasePackage.valuefromDropdown -->
