<?xml version="1.0" encoding="UTF-8"?>
<!-- Generated by org.testng.reporters.JUnitReportReporter -->
<testsuite hostname="Mds-MacBook-Air.local" failures="0" tests="1" name="testCasePackage.TC_004checkboxRadiobox" time="15.518" errors="0" timestamp="2022-08-27T13:25:33 PDT" skipped="0">
  <testcase classname="testCasePackage.TC_004checkboxRadiobox" name="checkboxRadiobox" time="15.518"/>
  <system-out/>
</testsuite> <!-- testCasePackage.TC_004checkboxRadiobox -->
