<?xml version="1.0" encoding="UTF-8"?>
<!-- Generated by org.testng.reporters.JUnitReportReporter -->
<testsuite hostname="Mds-MacBook-Air.local" failures="0" tests="1" name="testCasePackage.TC_007pageScroll" time="11.030" errors="0" timestamp="2022-09-06T01:26:53 PDT" skipped="0">
  <testcase classname="testCasePackage.TC_007pageScroll" name="pageScroll" time="11.030"/>
  <system-out/>
</testsuite> <!-- testCasePackage.TC_007pageScroll -->
