<?xml version="1.0" encoding="UTF-8"?>
<!-- Generated by org.testng.reporters.JUnitReportReporter -->
<testsuite hostname="Mds-MacBook-Air.local" failures="0" tests="1" name="testCasePackage.tc_009rightClick" time="6.915" errors="0" timestamp="2022-09-06T04:46:43 PDT" skipped="0">
  <testcase classname="testCasePackage.tc_009rightClick" name="rightClick" time="6.915"/>
  <system-out/>
</testsuite> <!-- testCasePackage.tc_009rightClick -->
