<?xml version="1.0" encoding="UTF-8"?>
<!-- Generated by org.testng.reporters.JUnitReportReporter -->
<testsuite hostname="Mds-MacBook-Air.local" failures="0" tests="1" name="testCasePackage.TC_001LoginPage" time="18.891" errors="0" timestamp="2022-08-26T04:29:10 PDT" skipped="0">
  <testcase classname="testCasePackage.TC_001LoginPage" name="locatorLearing" time="18.891"/>
  <system-out/>
</testsuite> <!-- testCasePackage.TC_001LoginPage -->
