<?xml version="1.0" encoding="UTF-8"?>
<!-- Generated by org.testng.reporters.JUnitReportReporter -->
<testsuite hostname="Mds-MacBook-Air.local" failures="0" tests="1" name="testCasePackage.tc_011mouseHover" time="6.880" errors="0" timestamp="2022-09-06T20:47:12 PDT" skipped="0">
  <testcase classname="testCasePackage.tc_011mouseHover" name="mouseHover" time="6.880"/>
  <system-out/>
</testsuite> <!-- testCasePackage.tc_011mouseHover -->
