<?xml version="1.0" encoding="UTF-8"?>
<!-- Generated by org.testng.reporters.JUnitReportReporter -->
<testsuite hostname="Mds-MacBook-Air.local" failures="0" tests="1" name="testCasePackage.TC_006pageReload" time="17.516" errors="0" timestamp="2022-09-06T00:42:38 PDT" skipped="0">
  <testcase classname="testCasePackage.TC_006pageReload" name="pageReload" time="17.516"/>
  <system-out/>
</testsuite> <!-- testCasePackage.TC_006pageReload -->
