<?xml version="1.0" encoding="UTF-8"?>
<!-- Generated by org.testng.reporters.JUnitReportReporter -->
<testsuite hostname="Mds-MacBook-Air.local" failures="0" tests="1" name="testCasePackage.TC_002pageTitle" time="4.302" errors="0" timestamp="2022-08-27T12:34:57 PDT" skipped="0">
  <testcase classname="testCasePackage.TC_002pageTitle" name="pageTitle" time="4.302"/>
  <system-out/>
</testsuite> <!-- testCasePackage.TC_002pageTitle -->
