<?xml version="1.0" encoding="UTF-8"?>
<!-- Generated by org.testng.reporters.JUnitReportReporter -->
<testsuite hostname="Mds-MacBook-Air.local" failures="0" tests="1" name="testCasePackage.tc_008doubleClick" time="7.065" errors="0" timestamp="2022-09-06T04:39:23 PDT" skipped="0">
  <testcase classname="testCasePackage.tc_008doubleClick" name="doubleClick" time="7.065"/>
  <system-out/>
</testsuite> <!-- testCasePackage.tc_008doubleClick -->
