<?xml version="1.0" encoding="UTF-8"?>
<!-- Generated by org.testng.reporters.JUnitReportReporter -->
<testsuite hostname="Mds-MacBook-Air.local" failures="0" tests="2" name="testCasePackage.TC_001LoginPage" time="31.207" errors="0" timestamp="2022-08-28T11:41:43 PDT" skipped="0">
  <testcase classname="testCasePackage.TC_001LoginPage" name="Registration" time="18.038"/>
  <system-out/>
  <testcase classname="testCasePackage.TC_001LoginPage" name="login" time="13.169"/>
  <system-out/>
</testsuite> <!-- testCasePackage.TC_001LoginPage -->
